Determining if the pthread_create exist failed with the following output:
Change Dir: /vagrant/operator/build/CMakeFiles/CMakeTmp

Run Build Command:/usr/bin/make "cmTryCompileExec2741285071/fast"
/usr/bin/make -f CMakeFiles/cmTryCompileExec2741285071.dir/build.make CMakeFiles/cmTryCompileExec2741285071.dir/build
make[1]: Entering directory `/vagrant/operator/build/CMakeFiles/CMakeTmp'
/usr/bin/cmake -E cmake_progress_report /vagrant/operator/build/CMakeFiles/CMakeTmp/CMakeFiles 1
Building C object CMakeFiles/cmTryCompileExec2741285071.dir/CheckSymbolExists.c.o
/usr/bin/cc    -o CMakeFiles/cmTryCompileExec2741285071.dir/CheckSymbolExists.c.o   -c /vagrant/operator/build/CMakeFiles/CMakeTmp/CheckSymbolExists.c
Linking C executable cmTryCompileExec2741285071
/usr/bin/cmake -E cmake_link_script CMakeFiles/cmTryCompileExec2741285071.dir/link.txt --verbose=1
/usr/bin/cc       CMakeFiles/cmTryCompileExec2741285071.dir/CheckSymbolExists.c.o  -o cmTryCompileExec2741285071 -rdynamic 
CMakeFiles/cmTryCompileExec2741285071.dir/CheckSymbolExists.c.o: In function `main':
CheckSymbolExists.c:(.text+0x16): undefined reference to `pthread_create'
collect2: error: ld returned 1 exit status
make[1]: *** [cmTryCompileExec2741285071] Error 1
make[1]: Leaving directory `/vagrant/operator/build/CMakeFiles/CMakeTmp'
make: *** [cmTryCompileExec2741285071/fast] Error 2

File /vagrant/operator/build/CMakeFiles/CMakeTmp/CheckSymbolExists.c:
/* */
#include <pthread.h>

int main(int argc, char** argv)
{
  (void)argv;
#ifndef pthread_create
  return ((int*)(&pthread_create))[argc];
#else
  (void)argc;
  return 0;
#endif
}

Determining if the function pthread_create exists in the pthreads failed with the following output:
Change Dir: /vagrant/operator/build/CMakeFiles/CMakeTmp

Run Build Command:/usr/bin/make "cmTryCompileExec3121406795/fast"
/usr/bin/make -f CMakeFiles/cmTryCompileExec3121406795.dir/build.make CMakeFiles/cmTryCompileExec3121406795.dir/build
make[1]: Entering directory `/vagrant/operator/build/CMakeFiles/CMakeTmp'
/usr/bin/cmake -E cmake_progress_report /vagrant/operator/build/CMakeFiles/CMakeTmp/CMakeFiles 1
Building C object CMakeFiles/cmTryCompileExec3121406795.dir/CheckFunctionExists.c.o
/usr/bin/cc   -DCHECK_FUNCTION_EXISTS=pthread_create   -o CMakeFiles/cmTryCompileExec3121406795.dir/CheckFunctionExists.c.o   -c /usr/share/cmake-2.8/Modules/CheckFunctionExists.c
Linking C executable cmTryCompileExec3121406795
/usr/bin/cmake -E cmake_link_script CMakeFiles/cmTryCompileExec3121406795.dir/link.txt --verbose=1
/usr/bin/cc   -DCHECK_FUNCTION_EXISTS=pthread_create    CMakeFiles/cmTryCompileExec3121406795.dir/CheckFunctionExists.c.o  -o cmTryCompileExec3121406795 -rdynamic -lpthreads 
/usr/bin/ld: cannot find -lpthreads
collect2: error: ld returned 1 exit status
make[1]: *** [cmTryCompileExec3121406795] Error 1
make[1]: Leaving directory `/vagrant/operator/build/CMakeFiles/CMakeTmp'
make: *** [cmTryCompileExec3121406795/fast] Error 2


